{
  "RSpec": {
    "coverage": {
      "/Users/franciscocharris/Documents/ruby/exer/todo_list/server/app/services/jwt_services/encoder.rb": {
        "lines": [
          null,
          null,
          1,
          1,
          1,
          61,
          null,
          null,
          1,
          61,
          null,
          null,
          null
        ]
      },
      "/Users/franciscocharris/Documents/ruby/exer/todo_list/server/app/services/application_service.rb": {
        "lines": [
          null,
          null,
          1,
          1,
          105,
          null,
          null
        ]
      },
      "/Users/franciscocharris/Documents/ruby/exer/todo_list/server/app/models/list.rb": {
        "lines": [
          null,
          null,
          1,
          1,
          1,
          1,
          1,
          1,
          null
        ]
      },
      "/Users/franciscocharris/Documents/ruby/exer/todo_list/server/app/models/application_record.rb": {
        "lines": [
          null,
          null,
          1,
          1,
          null
        ]
      },
      "/Users/franciscocharris/Documents/ruby/exer/todo_list/server/app/models/task.rb": {
        "lines": [
          1,
          1,
          1,
          1,
          1,
          null
        ]
      },
      "/Users/franciscocharris/Documents/ruby/exer/todo_list/server/app/models/user.rb": {
        "lines": [
          null,
          null,
          1,
          1,
          1,
          1,
          1,
          1,
          1,
          null,
          87,
          78,
          1,
          null,
          null,
          1,
          null,
          null,
          null,
          null,
          1,
          77,
          231,
          null,
          null,
          null
        ]
      },
      "/Users/franciscocharris/Documents/ruby/exer/todo_list/server/app/controllers/v1/lists_controller.rb": {
        "lines": [
          null,
          null,
          1,
          1,
          1,
          null,
          1,
          4,
          null,
          4,
          null,
          null,
          1,
          7,
          7,
          4,
          null,
          null,
          1,
          6,
          null,
          null,
          1,
          3,
          null,
          null,
          1,
          2,
          null,
          null,
          1,
          null,
          1,
          15,
          null,
          null,
          1,
          16,
          null,
          null,
          null
        ]
      },
      "/Users/franciscocharris/Documents/ruby/exer/todo_list/server/app/controllers/application_controller.rb": {
        "lines": [
          null,
          null,
          1,
          null,
          1,
          1,
          1,
          null,
          null,
          1,
          null,
          null,
          1,
          1,
          null,
          null,
          1,
          1,
          1,
          1,
          1,
          1,
          1,
          null,
          1,
          48,
          null,
          43,
          43,
          43,
          43,
          null,
          null,
          1,
          null,
          1,
          48,
          null,
          45,
          null,
          null,
          null,
          1,
          2,
          null,
          null,
          1,
          3,
          null,
          null,
          null,
          1,
          3,
          null,
          null,
          1,
          7,
          null,
          null,
          1,
          13,
          null,
          null,
          1,
          0,
          null,
          null
        ]
      },
      "/Users/franciscocharris/Documents/ruby/exer/todo_list/server/app/controllers/v1/tasks_controller.rb": {
        "lines": [
          null,
          null,
          1,
          1,
          1,
          null,
          1,
          6,
          6,
          3,
          null,
          null,
          1,
          6,
          null,
          null,
          1,
          2,
          null,
          null,
          1,
          null,
          1,
          11,
          null,
          null,
          1,
          12,
          null,
          null,
          null
        ]
      },
      "/Users/franciscocharris/Documents/ruby/exer/todo_list/server/app/services/jwt_services/decoder.rb": {
        "lines": [
          null,
          null,
          1,
          1,
          1,
          44,
          null,
          null,
          1,
          44,
          44,
          null,
          null,
          null
        ]
      },
      "/Users/franciscocharris/Documents/ruby/exer/todo_list/server/app/serializers/list_serializer.rb": {
        "lines": [
          null,
          null,
          1,
          1,
          1,
          null,
          null
        ]
      },
      "/Users/franciscocharris/Documents/ruby/exer/todo_list/server/app/controllers/v1/sessions_controller.rb": {
        "lines": [
          null,
          null,
          1,
          1,
          1,
          6,
          6,
          4,
          4,
          null,
          null,
          1,
          7,
          7,
          null,
          4,
          4,
          null,
          null,
          1,
          null,
          1,
          6,
          null,
          null,
          null
        ]
      },
      "/Users/franciscocharris/Documents/ruby/exer/todo_list/server/app/channels/application_cable/channel.rb": {
        "lines": [
          null,
          null,
          0,
          0,
          0,
          0
        ],
        "branches": {
        }
      },
      "/Users/franciscocharris/Documents/ruby/exer/todo_list/server/app/channels/application_cable/connection.rb": {
        "lines": [
          null,
          null,
          0,
          0,
          0,
          0
        ],
        "branches": {
        }
      },
      "/Users/franciscocharris/Documents/ruby/exer/todo_list/server/app/jobs/application_job.rb": {
        "lines": [
          null,
          null,
          0,
          null,
          null,
          null,
          null,
          null,
          0
        ],
        "branches": {
        }
      },
      "/Users/franciscocharris/Documents/ruby/exer/todo_list/server/app/mailers/application_mailer.rb": {
        "lines": [
          null,
          null,
          0,
          0,
          0,
          0
        ],
        "branches": {
        }
      },
      "/Users/franciscocharris/Documents/ruby/exer/todo_list/server/app/serializers/user_serializer.rb": {
        "lines": [
          null,
          null,
          0,
          0,
          0,
          0
        ],
        "branches": {
        }
      }
    },
    "timestamp": 1656102553
  }
}
