{
  "RSpec": {
    "coverage": {
      "/Users/franciscocharris/Documents/ruby/exer/todo_list/server/app/services/jwt_services/encoder.rb": {
        "lines": [
          null,
          null,
          1,
          1,
          1,
          59,
          null,
          null,
          1,
          59,
          null,
          null,
          null
        ]
      },
      "/Users/franciscocharris/Documents/ruby/exer/todo_list/server/app/services/application_service.rb": {
        "lines": [
          null,
          null,
          1,
          1,
          101,
          null,
          null
        ]
      },
      "/Users/franciscocharris/Documents/ruby/exer/todo_list/server/app/models/list.rb": {
        "lines": [
          null,
          null,
          1,
          1,
          1,
          null,
          1,
          1,
          null,
          1,
          null
        ]
      },
      "/Users/franciscocharris/Documents/ruby/exer/todo_list/server/app/models/application_record.rb": {
        "lines": [
          null,
          null,
          1,
          1,
          null
        ]
      },
      "/Users/franciscocharris/Documents/ruby/exer/todo_list/server/app/models/task.rb": {
        "lines": [
          null,
          null,
          1,
          1,
          1,
          null,
          1,
          1,
          1,
          null,
          null,
          null,
          null,
          null
        ]
      },
      "/Users/franciscocharris/Documents/ruby/exer/todo_list/server/app/models/user.rb": {
        "lines": [
          null,
          null,
          1,
          1,
          1,
          1,
          null,
          null,
          1,
          null,
          null,
          null,
          null,
          1,
          89,
          267,
          null,
          null,
          null,
          1,
          1,
          1,
          null,
          null,
          1,
          null,
          198,
          null,
          90,
          1,
          null
        ]
      },
      "/Users/franciscocharris/Documents/ruby/exer/todo_list/server/app/controllers/v1/lists_controller.rb": {
        "lines": [
          null,
          null,
          1,
          1,
          1,
          null,
          1,
          2,
          2,
          null,
          2,
          null,
          null,
          1,
          7,
          7,
          4,
          null,
          null,
          1,
          6,
          null,
          null,
          1,
          2,
          null,
          null,
          1,
          null,
          1,
          11,
          null,
          null,
          1,
          13,
          null,
          null,
          null
        ]
      },
      "/Users/franciscocharris/Documents/ruby/exer/todo_list/server/app/controllers/application_controller.rb": {
        "lines": [
          null,
          null,
          1,
          1,
          null,
          1,
          1,
          1,
          1,
          null,
          1,
          1,
          1,
          1,
          1,
          1,
          1,
          1,
          1,
          null,
          1,
          47,
          null,
          41,
          41,
          41,
          41,
          null,
          null,
          1,
          null,
          1,
          47,
          null,
          44,
          null,
          null
        ]
      },
      "/Users/franciscocharris/Documents/ruby/exer/todo_list/server/app/controllers/concerns/message_errors.rb": {
        "lines": [
          null,
          null,
          1,
          1,
          null,
          1,
          null,
          1,
          3,
          null,
          null,
          1,
          3,
          null,
          null,
          1,
          3,
          null,
          null,
          1,
          8,
          null,
          null,
          1,
          14,
          null,
          null,
          1,
          0,
          null,
          null
        ]
      },
      "/Users/franciscocharris/Documents/ruby/exer/todo_list/server/app/controllers/v1/tasks_controller.rb": {
        "lines": [
          null,
          null,
          1,
          1,
          1,
          null,
          1,
          6,
          6,
          3,
          null,
          null,
          1,
          2,
          null,
          null,
          1,
          6,
          null,
          null,
          1,
          0,
          null,
          null,
          1,
          2,
          null,
          null,
          1,
          null,
          1,
          15,
          null,
          null,
          1,
          12,
          null,
          null,
          null
        ]
      },
      "/Users/franciscocharris/Documents/ruby/exer/todo_list/server/app/services/jwt_services/decoder.rb": {
        "lines": [
          null,
          null,
          1,
          1,
          1,
          42,
          null,
          null,
          1,
          42,
          null,
          42,
          null,
          null,
          null
        ]
      },
      "/Users/franciscocharris/Documents/ruby/exer/todo_list/server/app/serializers/list_serializer.rb": {
        "lines": [
          null,
          null,
          1,
          1,
          1,
          null
        ]
      },
      "/Users/franciscocharris/Documents/ruby/exer/todo_list/server/app/controllers/v1/sessions_controller.rb": {
        "lines": [
          null,
          null,
          1,
          1,
          1,
          6,
          6,
          4,
          4,
          null,
          null,
          1,
          7,
          7,
          null,
          4,
          4,
          null,
          null,
          1,
          null,
          1,
          6,
          null,
          null,
          null
        ]
      },
      "/Users/franciscocharris/Documents/ruby/exer/todo_list/server/app/serializers/task_serializer.rb": {
        "lines": [
          null,
          null,
          1,
          1,
          null,
          1,
          2,
          null,
          null
        ]
      },
      "/Users/franciscocharris/Documents/ruby/exer/todo_list/server/app/channels/application_cable/channel.rb": {
        "lines": [
          null,
          null,
          0,
          0,
          0,
          0
        ],
        "branches": {
        }
      },
      "/Users/franciscocharris/Documents/ruby/exer/todo_list/server/app/channels/application_cable/connection.rb": {
        "lines": [
          null,
          null,
          0,
          0,
          0,
          0
        ],
        "branches": {
        }
      },
      "/Users/franciscocharris/Documents/ruby/exer/todo_list/server/app/jobs/application_job.rb": {
        "lines": [
          null,
          null,
          0,
          null,
          null,
          null,
          null,
          null,
          0
        ],
        "branches": {
        }
      },
      "/Users/franciscocharris/Documents/ruby/exer/todo_list/server/app/mailers/application_mailer.rb": {
        "lines": [
          null,
          null,
          0,
          0,
          0,
          0
        ],
        "branches": {
        }
      },
      "/Users/franciscocharris/Documents/ruby/exer/todo_list/server/app/serializers/user_serializer.rb": {
        "lines": [
          null,
          null,
          0,
          0,
          0,
          0
        ],
        "branches": {
        }
      }
    },
    "timestamp": 1657899936
  }
}
